2026-05-21 09:27:33,399 [WARNING] [OpenWeatherProvider] [openweather.py:43]: Network transport fault on attempt 1 for Akola: [Errno 11001] getaddrinfo failed
2026-05-21 09:27:33,909 [WARNING] [OpenWeatherProvider] [openweather.py:43]: Network transport fault on attempt 2 for Akola: [Errno 11001] getaddrinfo failed
2026-05-21 09:27:34,910 [WARNING] [OpenWeatherProvider] [openweather.py:43]: Network transport fault on attempt 3 for Akola: [Errno 11001] getaddrinfo failed
2026-05-21 09:27:34,910 [ERROR] [OpenWeatherProvider] [openweather.py:45]: Asynchronous telemetry queries completely exhausted for region Akola.
2026-05-21 09:27:36,926 [INFO] [LocalFaissRetriever] [local_faiss.py:22]: Querying semantic embeddings index repository for vector key: wheat_none
2026-05-21 09:29:17,172 [WARNING] [OpenWeatherProvider] [openweather.py:43]: Network transport fault on attempt 1 for Akola: [Errno 11001] getaddrinfo failed
2026-05-21 09:29:17,691 [WARNING] [OpenWeatherProvider] [openweather.py:43]: Network transport fault on attempt 2 for Akola: [Errno 11001] getaddrinfo failed
2026-05-21 09:29:18,704 [WARNING] [OpenWeatherProvider] [openweather.py:43]: Network transport fault on attempt 3 for Akola: [Errno 11001] getaddrinfo failed
2026-05-21 09:29:18,704 [ERROR] [OpenWeatherProvider] [openweather.py:45]: Asynchronous telemetry queries completely exhausted for region Akola.
2026-05-21 09:29:20,719 [INFO] [LocalFaissRetriever] [local_faiss.py:22]: Querying semantic embeddings index repository for vector key: wheat_none
2026-05-21 09:31:25,335 [WARNING] [OpenWeatherProvider] [openweather.py:43]: Network transport fault on attempt 1 for Akola: [Errno 11001] getaddrinfo failed
2026-05-21 09:31:25,846 [WARNING] [OpenWeatherProvider] [openweather.py:43]: Network transport fault on attempt 2 for Akola: [Errno 11001] getaddrinfo failed
2026-05-21 09:31:26,860 [WARNING] [OpenWeatherProvider] [openweather.py:43]: Network transport fault on attempt 3 for Akola: [Errno 11001] getaddrinfo failed
2026-05-21 09:31:26,860 [ERROR] [OpenWeatherProvider] [openweather.py:45]: Asynchronous telemetry queries completely exhausted for region Akola.
2026-05-21 09:31:28,877 [INFO] [LocalFaissRetriever] [local_faiss.py:22]: Querying semantic embeddings index repository for vector key: wheat_none
2026-05-21 09:36:25,363 [INFO] [LocalFaissRetriever] [local_faiss.py:22]: Querying semantic embeddings index repository for vector key: wheat_none
2026-05-21 09:38:12,614 [INFO] [LocalFaissRetriever] [local_faiss.py:22]: Querying semantic embeddings index repository for vector key: wheat_none
2026-05-21 09:40:39,575 [INFO] [LocalFaissRetriever] [local_faiss.py:22]: Querying semantic embeddings index repository for vector key: wheat_none
2026-05-21 09:41:04,470 [INFO] [LocalFaissRetriever] [local_faiss.py:22]: Querying semantic embeddings index repository for vector key: wheat_none
2026-05-21 11:23:42,164 [INFO] [LocalFaissRetriever] [local_faiss.py:22]: Querying semantic embeddings index repository for vector key: wheat_none
2026-05-21 12:05:38,610 [INFO] [LocalFaissRetriever] [local_faiss.py:24]: Querying semantic embeddings index repository for vector key: wheat_none
2026-05-21 12:06:43,519 [INFO] [LocalFaissRetriever] [local_faiss.py:24]: Querying semantic embeddings index repository for vector key: wheat_none
2026-05-21 12:12:23,189 [INFO] [LocalFaissRetriever] [local_faiss.py:24]: Querying semantic embeddings index repository for vector key: wheat_none
2026-05-21 12:12:38,304 [WARNING] [RiskInferenceService] [risk_service.py:28]: Probability engine overshot hazard parameters in Salem (0.67 >= 0.6)
2026-05-21 12:12:38,305 [INFO] [LocalFaissRetriever] [local_faiss.py:24]: Querying semantic embeddings index repository for vector key: wheat_none
2026-05-21 12:12:41,004 [WARNING] [RiskInferenceService] [risk_service.py:28]: Probability engine overshot hazard parameters in Salem (0.67 >= 0.6)
2026-05-21 12:12:41,021 [INFO] [LocalFaissRetriever] [local_faiss.py:24]: Querying semantic embeddings index repository for vector key: wheat_none
2026-05-21 12:12:44,772 [WARNING] [RiskInferenceService] [risk_service.py:28]: Probability engine overshot hazard parameters in Salem (0.67 >= 0.6)
2026-05-21 12:12:44,772 [INFO] [LocalFaissRetriever] [local_faiss.py:24]: Querying semantic embeddings index repository for vector key: wheat_none
2026-05-21 12:17:57,315 [INFO] [LocalFaissRetriever] [local_faiss.py:24]: Querying semantic embeddings index repository for vector key: wheat_none
2026-05-21 12:19:03,649 [INFO] [LocalFaissRetriever] [local_faiss.py:24]: Querying semantic embeddings index repository for vector key: wheat_stem_borer
2026-05-21 12:19:05,870 [INFO] [LocalFaissRetriever] [local_faiss.py:24]: Querying semantic embeddings index repository for vector key: wheat_stem_borer
2026-05-21 12:36:04,615 [INFO] [LocalKnowledgeRetriever] [knowledge_retriever.py:26]: Vector Space Matrix compiled successfully. Dimension parameters: 39 dense features.
2026-05-21 12:36:04,616 [INFO] [RiskService] [risk_service.py:22]: Initializing supervised training pipeline for core Pest Risk Model...
2026-05-21 12:36:04,814 [INFO] [RiskService] [risk_service.py:55]: Pest Risk Model successfully compiled and cached in memory node.
2026-05-21 12:36:04,969 [INFO] [RiskService] [risk_service.py:59]: Executing machine learning inference for target segment: Muzaffarpur
2026-05-21 12:36:04,969 [WARNING] [RiskService] [risk_service.py:68]: Live telemetry stream timed out, implementing baseline weather criteria: 'OpenWeatherProvider' object has no attribute 'get_current_weather'
2026-05-21 12:37:33,369 [INFO] [LocalFaissRetriever] [local_faiss.py:24]: Querying semantic embeddings index repository for vector key: wheat_none
2026-05-21 12:39:07,731 [INFO] [LocalFaissRetriever] [local_faiss.py:24]: Querying semantic embeddings index repository for vector key: wheat_none
2026-05-21 12:39:50,751 [INFO] [LocalFaissRetriever] [local_faiss.py:24]: Querying semantic embeddings index repository for vector key: wheat_none
2026-05-21 12:40:16,908 [INFO] [LocalFaissRetriever] [local_faiss.py:24]: Querying semantic embeddings index repository for vector key: wheat_none
2026-05-21 12:44:51,222 [INFO] [LocalFaissRetriever] [local_faiss.py:24]: Querying semantic embeddings index repository for vector key: wheat_none
2026-05-21 12:52:16,893 [WARNING] [OpenWeatherProvider] [openweather.py:43]: Network transport fault on attempt 1 for Kanpur Nagar: Client error '404 Not Found' for url 'http://api.openweathermap.org/data/2.5/weather?q=Kanpur%20Nagar,IN&appid=4e669cbc5422c1e73f16acf1fce8268f&units=metric'
For more information check: https://developer.mozilla.org/en-US/docs/Web/HTTP/Status/404
2026-05-21 12:52:17,494 [WARNING] [OpenWeatherProvider] [openweather.py:43]: Network transport fault on attempt 2 for Kanpur Nagar: Client error '404 Not Found' for url 'http://api.openweathermap.org/data/2.5/weather?q=Kanpur%20Nagar,IN&appid=4e669cbc5422c1e73f16acf1fce8268f&units=metric'
For more information check: https://developer.mozilla.org/en-US/docs/Web/HTTP/Status/404
2026-05-21 12:52:18,611 [WARNING] [OpenWeatherProvider] [openweather.py:43]: Network transport fault on attempt 3 for Kanpur Nagar: Client error '404 Not Found' for url 'http://api.openweathermap.org/data/2.5/weather?q=Kanpur%20Nagar,IN&appid=4e669cbc5422c1e73f16acf1fce8268f&units=metric'
For more information check: https://developer.mozilla.org/en-US/docs/Web/HTTP/Status/404
2026-05-21 12:52:18,611 [ERROR] [OpenWeatherProvider] [openweather.py:45]: Asynchronous telemetry queries completely exhausted for region Kanpur Nagar.
2026-05-21 12:52:20,624 [WARNING] [RiskInferenceService] [risk_service.py:28]: Probability engine overshot hazard parameters in Kanpur Nagar (0.69 >= 0.6)
2026-05-21 12:52:24,656 [WARNING] [RiskInferenceService] [risk_service.py:28]: Probability engine overshot hazard parameters in Ahmedabad (0.64 >= 0.6)
2026-05-21 12:52:30,706 [WARNING] [RiskInferenceService] [risk_service.py:28]: Probability engine overshot hazard parameters in Patna (0.70 >= 0.6)
2026-05-21 12:52:33,390 [WARNING] [RiskInferenceService] [risk_service.py:28]: Probability engine overshot hazard parameters in Vijayapura (0.65 >= 0.6)
2026-05-21 12:52:37,821 [WARNING] [RiskInferenceService] [risk_service.py:28]: Probability engine overshot hazard parameters in Jalgaon (0.60 >= 0.6)
2026-05-21 12:52:38,611 [WARNING] [OpenWeatherProvider] [openweather.py:43]: Network transport fault on attempt 1 for Mehsana: Client error '404 Not Found' for url 'http://api.openweathermap.org/data/2.5/weather?q=Mehsana,IN&appid=4e669cbc5422c1e73f16acf1fce8268f&units=metric'
For more information check: https://developer.mozilla.org/en-US/docs/Web/HTTP/Status/404
2026-05-21 12:52:39,192 [WARNING] [OpenWeatherProvider] [openweather.py:43]: Network transport fault on attempt 2 for Mehsana: Client error '404 Not Found' for url 'http://api.openweathermap.org/data/2.5/weather?q=Mehsana,IN&appid=4e669cbc5422c1e73f16acf1fce8268f&units=metric'
For more information check: https://developer.mozilla.org/en-US/docs/Web/HTTP/Status/404
2026-05-21 12:52:40,315 [WARNING] [OpenWeatherProvider] [openweather.py:43]: Network transport fault on attempt 3 for Mehsana: Client error '404 Not Found' for url 'http://api.openweathermap.org/data/2.5/weather?q=Mehsana,IN&appid=4e669cbc5422c1e73f16acf1fce8268f&units=metric'
For more information check: https://developer.mozilla.org/en-US/docs/Web/HTTP/Status/404
2026-05-21 12:52:40,316 [ERROR] [OpenWeatherProvider] [openweather.py:45]: Asynchronous telemetry queries completely exhausted for region Mehsana.
2026-05-21 12:52:42,320 [WARNING] [RiskInferenceService] [risk_service.py:28]: Probability engine overshot hazard parameters in Mehsana (0.69 >= 0.6)
2026-05-21 12:52:44,255 [WARNING] [OpenWeatherProvider] [openweather.py:43]: Network transport fault on attempt 1 for Nadia: Client error '404 Not Found' for url 'http://api.openweathermap.org/data/2.5/weather?q=Nadia,IN&appid=4e669cbc5422c1e73f16acf1fce8268f&units=metric'
For more information check: https://developer.mozilla.org/en-US/docs/Web/HTTP/Status/404
2026-05-21 12:52:44,841 [WARNING] [OpenWeatherProvider] [openweather.py:43]: Network transport fault on attempt 2 for Nadia: Client error '404 Not Found' for url 'http://api.openweathermap.org/data/2.5/weather?q=Nadia,IN&appid=4e669cbc5422c1e73f16acf1fce8268f&units=metric'
For more information check: https://developer.mozilla.org/en-US/docs/Web/HTTP/Status/404
2026-05-21 12:52:45,935 [WARNING] [OpenWeatherProvider] [openweather.py:43]: Network transport fault on attempt 3 for Nadia: Client error '404 Not Found' for url 'http://api.openweathermap.org/data/2.5/weather?q=Nadia,IN&appid=4e669cbc5422c1e73f16acf1fce8268f&units=metric'
For more information check: https://developer.mozilla.org/en-US/docs/Web/HTTP/Status/404
2026-05-21 12:52:45,936 [ERROR] [OpenWeatherProvider] [openweather.py:45]: Asynchronous telemetry queries completely exhausted for region Nadia.
2026-05-21 12:52:47,952 [WARNING] [RiskInferenceService] [risk_service.py:28]: Probability engine overshot hazard parameters in Nadia (0.69 >= 0.6)
2026-05-21 12:52:52,425 [WARNING] [RiskInferenceService] [risk_service.py:28]: Probability engine overshot hazard parameters in Rajkot (0.64 >= 0.6)
2026-05-21 12:52:53,153 [INFO] [LocalFaissRetriever] [local_faiss.py:24]: Querying semantic embeddings index repository for vector key: wheat_none
2026-05-21 13:08:07,758 [INFO] [LocalKnowledgeRetriever] [knowledge_retriever.py:26]: Vector Space Matrix compiled successfully. Dimension parameters: 39 dense features.
2026-05-21 13:08:07,758 [INFO] [EngagementPredictionService] [engagement_service.py:55]: Ingesting historical campaign logs to compile engagement feature matrices...
2026-05-21 13:08:08,177 [INFO] [EngagementPredictionService] [engagement_service.py:104]: 🏆 Genuinely trained Campaign Receptivity Model written to disk.
2026-05-21 13:18:24,198 [INFO] [LocalKnowledgeRetriever] [knowledge_retriever.py:26]: Vector Space Matrix compiled successfully. Dimension parameters: 39 dense features.
2026-05-21 13:43:26,237 [WARNING] [EngagementService] [engagement_service.py:225]: Executing functional baseline model fallback configuration...
2026-05-21 13:43:26,328 [INFO] [EngagementService] [engagement_service.py:280]: Prediction Pipeline Request Triggered ➔ District: Salem | Temp: 27.0°C | Humidity: 70.0%
2026-05-21 13:43:26,348 [INFO] [EngagementService] [engagement_service.py:280]: Prediction Pipeline Request Triggered ➔ District: Salem | Temp: 27.0°C | Humidity: 70.0%
2026-05-21 14:13:55,157 [WARNING] [EngagementService] [engagement_service.py:228]: Executing functional baseline model fallback configuration...
2026-05-21 14:17:35,556 [INFO] [EngagementService] [engagement_service.py:283]: Prediction Pipeline Request Triggered ➔ District: Bharatpur | Temp: 27.0°C | Humidity: 70.0%
2026-05-21 14:17:35,572 [INFO] [EngagementService] [engagement_service.py:283]: Prediction Pipeline Request Triggered ➔ District: Kanpur Nagar | Temp: 27.0°C | Humidity: 70.0%
2026-05-21 14:17:35,592 [INFO] [EngagementService] [engagement_service.py:283]: Prediction Pipeline Request Triggered ➔ District: Patiala | Temp: 27.0°C | Humidity: 70.0%
2026-05-21 14:17:35,611 [INFO] [EngagementService] [engagement_service.py:283]: Prediction Pipeline Request Triggered ➔ District: Jaipur | Temp: 27.0°C | Humidity: 70.0%
2026-05-21 14:17:35,624 [INFO] [EngagementService] [engagement_service.py:283]: Prediction Pipeline Request Triggered ➔ District: Amravati | Temp: 27.0°C | Humidity: 70.0%
2026-05-21 14:17:35,635 [INFO] [EngagementService] [engagement_service.py:283]: Prediction Pipeline Request Triggered ➔ District: Sirsa | Temp: 27.0°C | Humidity: 70.0%
2026-05-21 14:17:35,650 [INFO] [EngagementService] [engagement_service.py:283]: Prediction Pipeline Request Triggered ➔ District: Ahmedabad | Temp: 27.0°C | Humidity: 70.0%
2026-05-21 14:17:35,667 [INFO] [EngagementService] [engagement_service.py:283]: Prediction Pipeline Request Triggered ➔ District: Meerut | Temp: 27.0°C | Humidity: 70.0%
2026-05-21 14:17:35,679 [INFO] [EngagementService] [engagement_service.py:283]: Prediction Pipeline Request Triggered ➔ District: Ujjain | Temp: 27.0°C | Humidity: 70.0%
2026-05-21 14:17:35,692 [INFO] [EngagementService] [engagement_service.py:283]: Prediction Pipeline Request Triggered ➔ District: Sehore | Temp: 27.0°C | Humidity: 70.0%
2026-05-21 14:17:35,700 [INFO] [EngagementService] [engagement_service.py:283]: Prediction Pipeline Request Triggered ➔ District: Kalaburagi | Temp: 27.0°C | Humidity: 70.0%
2026-05-21 14:17:35,712 [INFO] [EngagementService] [engagement_service.py:283]: Prediction Pipeline Request Triggered ➔ District: Agra | Temp: 27.0°C | Humidity: 70.0%
2026-05-21 14:17:35,726 [INFO] [EngagementService] [engagement_service.py:283]: Prediction Pipeline Request Triggered ➔ District: Akola | Temp: 27.0°C | Humidity: 70.0%
2026-05-21 14:17:35,742 [INFO] [EngagementService] [engagement_service.py:283]: Prediction Pipeline Request Triggered ➔ District: Patna | Temp: 27.0°C | Humidity: 70.0%
2026-05-21 14:17:35,751 [INFO] [EngagementService] [engagement_service.py:283]: Prediction Pipeline Request Triggered ➔ District: Karnal | Temp: 27.0°C | Humidity: 70.0%
2026-05-21 14:17:35,763 [INFO] [EngagementService] [engagement_service.py:283]: Prediction Pipeline Request Triggered ➔ District: Bikaner | Temp: 27.0°C | Humidity: 70.0%
2026-05-21 14:17:35,779 [INFO] [EngagementService] [engagement_service.py:283]: Prediction Pipeline Request Triggered ➔ District: Vijayapura | Temp: 27.0°C | Humidity: 70.0%
2026-05-21 14:17:35,783 [INFO] [EngagementService] [engagement_service.py:283]: Prediction Pipeline Request Triggered ➔ District: Ludhiana | Temp: 27.0°C | Humidity: 70.0%
2026-05-21 14:17:35,798 [INFO] [EngagementService] [engagement_service.py:283]: Prediction Pipeline Request Triggered ➔ District: Rohtak | Temp: 27.0°C | Humidity: 70.0%
2026-05-21 14:17:35,807 [INFO] [EngagementService] [engagement_service.py:283]: Prediction Pipeline Request Triggered ➔ District: Sikar | Temp: 27.0°C | Humidity: 70.0%
2026-05-21 14:17:35,821 [INFO] [EngagementService] [engagement_service.py:283]: Prediction Pipeline Request Triggered ➔ District: Lucknow | Temp: 27.0°C | Humidity: 70.0%
2026-05-21 14:17:35,835 [INFO] [EngagementService] [engagement_service.py:283]: Prediction Pipeline Request Triggered ➔ District: Jalgaon | Temp: 27.0°C | Humidity: 70.0%
2026-05-21 14:17:35,846 [INFO] [EngagementService] [engagement_service.py:283]: Prediction Pipeline Request Triggered ➔ District: Mehsana | Temp: 27.0°C | Humidity: 70.0%
2026-05-21 14:17:35,854 [INFO] [EngagementService] [engagement_service.py:283]: Prediction Pipeline Request Triggered ➔ District: Indore | Temp: 27.0°C | Humidity: 70.0%
2026-05-21 14:17:35,862 [INFO] [EngagementService] [engagement_service.py:283]: Prediction Pipeline Request Triggered ➔ District: Ratlam | Temp: 27.0°C | Humidity: 70.0%
2026-05-21 14:17:35,867 [INFO] [EngagementService] [engagement_service.py:283]: Prediction Pipeline Request Triggered ➔ District: Nadia | Temp: 27.0°C | Humidity: 70.0%
2026-05-21 14:17:35,874 [INFO] [EngagementService] [engagement_service.py:283]: Prediction Pipeline Request Triggered ➔ District: Hisar | Temp: 27.0°C | Humidity: 70.0%
2026-05-21 14:17:35,877 [INFO] [EngagementService] [engagement_service.py:283]: Prediction Pipeline Request Triggered ➔ District: Muzaffarpur | Temp: 27.0°C | Humidity: 70.0%
2026-05-21 14:17:35,883 [INFO] [EngagementService] [engagement_service.py:283]: Prediction Pipeline Request Triggered ➔ District: Varanasi | Temp: 27.0°C | Humidity: 70.0%
2026-05-21 14:17:35,886 [INFO] [EngagementService] [engagement_service.py:283]: Prediction Pipeline Request Triggered ➔ District: Bathinda | Temp: 27.0°C | Humidity: 70.0%
2026-05-21 14:17:35,894 [INFO] [EngagementService] [engagement_service.py:283]: Prediction Pipeline Request Triggered ➔ District: Amritsar | Temp: 27.0°C | Humidity: 70.0%
2026-05-21 14:17:35,895 [INFO] [EngagementService] [engagement_service.py:283]: Prediction Pipeline Request Triggered ➔ District: Bardhaman | Temp: 27.0°C | Humidity: 70.0%
2026-05-21 14:17:35,907 [INFO] [EngagementService] [engagement_service.py:283]: Prediction Pipeline Request Triggered ➔ District: Rajkot | Temp: 27.0°C | Humidity: 70.0%
2026-05-21 14:20:02,074 [WARNING] [EngagementService] [engagement_service.py:228]: Executing functional baseline model fallback configuration...
2026-05-21 14:20:02,435 [INFO] [EngagementService] [engagement_service.py:283]: Prediction Pipeline Request Triggered ➔ District: Muzaffarpur | Temp: 27.0°C | Humidity: 70.0%
2026-05-21 14:20:28,310 [INFO] [EngagementService] [engagement_service.py:283]: Prediction Pipeline Request Triggered ➔ District: Muzaffarpur | Temp: 27.0°C | Humidity: 70.0%
2026-05-21 14:20:35,256 [INFO] [EngagementService] [engagement_service.py:283]: Prediction Pipeline Request Triggered ➔ District: Muzaffarpur | Temp: 27.0°C | Humidity: 70.0%
2026-05-21 14:20:37,379 [INFO] [EngagementService] [engagement_service.py:283]: Prediction Pipeline Request Triggered ➔ District: Muzaffarpur | Temp: 27.0°C | Humidity: 70.0%
2026-05-21 14:22:34,026 [INFO] [EngagementService] [engagement_service.py:283]: Prediction Pipeline Request Triggered ➔ District: Muzaffarpur | Temp: 27.0°C | Humidity: 70.0%
2026-05-21 14:23:19,214 [WARNING] [EngagementService] [engagement_service.py:228]: Executing functional baseline model fallback configuration...
2026-05-21 14:23:19,813 [INFO] [EngagementService] [engagement_service.py:283]: Prediction Pipeline Request Triggered ➔ District: Muzaffarpur | Temp: 27.0°C | Humidity: 70.0%
2026-05-21 14:24:16,759 [INFO] [EngagementService] [engagement_service.py:283]: Prediction Pipeline Request Triggered ➔ District: Muzaffarpur | Temp: 27.0°C | Humidity: 70.0%
2026-05-21 14:27:16,054 [INFO] [EngagementService] [engagement_service.py:283]: Prediction Pipeline Request Triggered ➔ District: Muzaffarpur | Temp: 27.0°C | Humidity: 70.0%
2026-05-21 14:29:51,320 [WARNING] [EngagementService] [engagement_service.py:228]: Executing functional baseline model fallback configuration...
2026-05-21 14:29:51,596 [INFO] [EngagementService] [engagement_service.py:283]: Prediction Pipeline Request Triggered ➔ District: Muzaffarpur | Temp: 27.0°C | Humidity: 70.0%
2026-05-21 14:33:19,551 [INFO] [EngagementService] [engagement_service.py:283]: Prediction Pipeline Request Triggered ➔ District: Muzaffarpur | Temp: 27.0°C | Humidity: 70.0%
2026-05-21 14:34:41,847 [WARNING] [EngagementService] [engagement_service.py:228]: Executing functional baseline model fallback configuration...
2026-05-21 14:34:42,369 [INFO] [EngagementService] [engagement_service.py:283]: Prediction Pipeline Request Triggered ➔ District: Muzaffarpur | Temp: 27.0°C | Humidity: 70.0%
2026-05-21 14:36:18,983 [WARNING] [EngagementService] [engagement_service.py:228]: Executing functional baseline model fallback configuration...
2026-05-21 14:36:19,182 [INFO] [EngagementService] [engagement_service.py:283]: Prediction Pipeline Request Triggered ➔ District: Muzaffarpur | Temp: 27.0°C | Humidity: 70.0%
2026-05-21 14:37:08,395 [WARNING] [EngagementService] [engagement_service.py:228]: Executing functional baseline model fallback configuration...
2026-05-21 14:37:08,721 [INFO] [EngagementService] [engagement_service.py:283]: Prediction Pipeline Request Triggered ➔ District: Muzaffarpur | Temp: 27.0°C | Humidity: 70.0%
2026-05-21 14:40:27,317 [INFO] [EngagementService] [engagement_service.py:283]: Prediction Pipeline Request Triggered ➔ District: Muzaffarpur | Temp: 27.0°C | Humidity: 70.0%
2026-05-21 14:41:03,129 [WARNING] [EngagementService] [engagement_service.py:228]: Executing functional baseline model fallback configuration...
2026-05-21 14:41:03,456 [INFO] [EngagementService] [engagement_service.py:283]: Prediction Pipeline Request Triggered ➔ District: Muzaffarpur | Temp: 27.0°C | Humidity: 70.0%
2026-05-21 14:42:54,099 [INFO] [EngagementService] [engagement_service.py:283]: Prediction Pipeline Request Triggered ➔ District: Muzaffarpur | Temp: 27.0°C | Humidity: 70.0%
2026-05-21 14:49:53,590 [WARNING] [EngagementService] [engagement_service.py:228]: Executing functional baseline model fallback configuration...
2026-05-21 14:49:53,768 [INFO] [EngagementService] [engagement_service.py:283]: Prediction Pipeline Request Triggered ➔ District: Muzaffarpur | Temp: 27.0°C | Humidity: 70.0%
2026-05-21 14:51:55,396 [INFO] [EngagementService] [engagement_service.py:283]: Prediction Pipeline Request Triggered ➔ District: Muzaffarpur | Temp: 27.0°C | Humidity: 70.0%
2026-05-21 14:54:08,620 [INFO] [EngagementService] [engagement_service.py:283]: Prediction Pipeline Request Triggered ➔ District: Muzaffarpur | Temp: 27.0°C | Humidity: 70.0%
2026-05-21 14:54:13,761 [INFO] [EngagementService] [engagement_service.py:283]: Prediction Pipeline Request Triggered ➔ District: Muzaffarpur | Temp: 27.0°C | Humidity: 70.0%
2026-05-21 14:56:01,418 [INFO] [EngagementService] [engagement_service.py:283]: Prediction Pipeline Request Triggered ➔ District: Muzaffarpur | Temp: 27.0°C | Humidity: 70.0%
2026-05-21 14:56:20,642 [WARNING] [EngagementService] [engagement_service.py:228]: Executing functional baseline model fallback configuration...
2026-05-21 14:56:20,990 [INFO] [EngagementService] [engagement_service.py:283]: Prediction Pipeline Request Triggered ➔ District: Muzaffarpur | Temp: 27.0°C | Humidity: 70.0%
2026-05-21 14:59:55,229 [WARNING] [EngagementService] [engagement_service.py:228]: Executing functional baseline model fallback configuration...
2026-05-21 14:59:55,773 [INFO] [EngagementService] [engagement_service.py:283]: Prediction Pipeline Request Triggered ➔ District: Muzaffarpur | Temp: 27.0°C | Humidity: 70.0%
2026-05-21 15:00:34,304 [INFO] [EngagementService] [engagement_service.py:283]: Prediction Pipeline Request Triggered ➔ District: Muzaffarpur | Temp: 27.0°C | Humidity: 70.0%
2026-05-21 15:02:05,775 [INFO] [EngagementService] [engagement_service.py:283]: Prediction Pipeline Request Triggered ➔ District: Muzaffarpur | Temp: 27.0°C | Humidity: 70.0%
2026-05-21 15:04:41,033 [INFO] [EngagementService] [engagement_service.py:283]: Prediction Pipeline Request Triggered ➔ District: Muzaffarpur | Temp: 27.0°C | Humidity: 70.0%
2026-05-21 15:05:03,979 [WARNING] [EngagementService] [engagement_service.py:228]: Executing functional baseline model fallback configuration...
2026-05-21 15:05:04,154 [INFO] [EngagementService] [engagement_service.py:283]: Prediction Pipeline Request Triggered ➔ District: Muzaffarpur | Temp: 27.0°C | Humidity: 70.0%
2026-05-21 15:05:30,848 [INFO] [EngagementService] [engagement_service.py:283]: Prediction Pipeline Request Triggered ➔ District: Muzaffarpur | Temp: 27.0°C | Humidity: 70.0%
2026-05-21 15:05:30,907 [INFO] [EngagementService] [engagement_service.py:283]: Prediction Pipeline Request Triggered ➔ District: Muzaffarpur | Temp: 27.0°C | Humidity: 70.0%
2026-05-21 15:05:30,929 [INFO] [EngagementService] [engagement_service.py:283]: Prediction Pipeline Request Triggered ➔ District: Akola | Temp: 27.0°C | Humidity: 70.0%
2026-05-21 15:05:30,944 [INFO] [EngagementService] [engagement_service.py:283]: Prediction Pipeline Request Triggered ➔ District: Muzaffarpur | Temp: 27.0°C | Humidity: 70.0%
2026-05-21 15:05:30,957 [INFO] [EngagementService] [engagement_service.py:283]: Prediction Pipeline Request Triggered ➔ District: Salem | Temp: 27.0°C | Humidity: 70.0%
2026-05-21 15:07:19,466 [INFO] [EngagementService] [engagement_service.py:283]: Prediction Pipeline Request Triggered ➔ District: Muzaffarpur | Temp: 27.0°C | Humidity: 70.0%
2026-05-21 15:07:20,942 [INFO] [EngagementService] [engagement_service.py:283]: Prediction Pipeline Request Triggered ➔ District: Muzaffarpur | Temp: 27.0°C | Humidity: 70.0%
2026-05-21 15:07:22,394 [INFO] [EngagementService] [engagement_service.py:283]: Prediction Pipeline Request Triggered ➔ District: Muzaffarpur | Temp: 27.0°C | Humidity: 70.0%
2026-05-21 15:07:23,515 [INFO] [EngagementService] [engagement_service.py:283]: Prediction Pipeline Request Triggered ➔ District: Muzaffarpur | Temp: 27.0°C | Humidity: 70.0%
2026-05-21 15:07:24,520 [INFO] [EngagementService] [engagement_service.py:283]: Prediction Pipeline Request Triggered ➔ District: Muzaffarpur | Temp: 27.0°C | Humidity: 70.0%
2026-05-21 15:07:29,160 [INFO] [EngagementService] [engagement_service.py:283]: Prediction Pipeline Request Triggered ➔ District: Muzaffarpur | Temp: 27.0°C | Humidity: 70.0%
2026-05-21 15:07:31,763 [INFO] [EngagementService] [engagement_service.py:283]: Prediction Pipeline Request Triggered ➔ District: Muzaffarpur | Temp: 27.0°C | Humidity: 70.0%
2026-05-21 15:09:36,268 [INFO] [EngagementService] [engagement_service.py:283]: Prediction Pipeline Request Triggered ➔ District: Muzaffarpur | Temp: 27.0°C | Humidity: 70.0%
2026-05-21 15:09:36,284 [INFO] [EngagementService] [engagement_service.py:283]: Prediction Pipeline Request Triggered ➔ District: Muzaffarpur | Temp: 27.0°C | Humidity: 70.0%
2026-05-21 15:09:36,303 [INFO] [EngagementService] [engagement_service.py:283]: Prediction Pipeline Request Triggered ➔ District: Akola | Temp: 27.0°C | Humidity: 70.0%
2026-05-21 15:09:36,309 [INFO] [EngagementService] [engagement_service.py:283]: Prediction Pipeline Request Triggered ➔ District: Muzaffarpur | Temp: 27.0°C | Humidity: 70.0%
2026-05-21 15:09:36,319 [INFO] [EngagementService] [engagement_service.py:283]: Prediction Pipeline Request Triggered ➔ District: Salem | Temp: 27.0°C | Humidity: 70.0%
2026-05-21 15:24:25,502 [INFO] [EngagementService] [engagement_service.py:283]: Prediction Pipeline Request Triggered ➔ District: Muzaffarpur | Temp: 27.0°C | Humidity: 70.0%
2026-05-21 15:24:57,473 [INFO] [EngagementService] [engagement_service.py:283]: Prediction Pipeline Request Triggered ➔ District: Kalaburagi | Temp: 27.0°C | Humidity: 70.0%
2026-05-21 15:25:04,735 [INFO] [EngagementService] [engagement_service.py:283]: Prediction Pipeline Request Triggered ➔ District: Vijayapura | Temp: 27.0°C | Humidity: 70.0%
2026-05-21 15:25:12,503 [INFO] [EngagementService] [engagement_service.py:283]: Prediction Pipeline Request Triggered ➔ District: Agra | Temp: 27.0°C | Humidity: 70.0%
2026-05-21 15:25:18,758 [INFO] [EngagementService] [engagement_service.py:283]: Prediction Pipeline Request Triggered ➔ District: Agra | Temp: 27.0°C | Humidity: 70.0%
2026-05-21 15:25:26,866 [INFO] [EngagementService] [engagement_service.py:283]: Prediction Pipeline Request Triggered ➔ District: Agra | Temp: 27.0°C | Humidity: 70.0%
2026-05-21 15:25:33,551 [INFO] [EngagementService] [engagement_service.py:283]: Prediction Pipeline Request Triggered ➔ District: Agra | Temp: 27.0°C | Humidity: 70.0%
2026-05-21 15:25:36,294 [INFO] [EngagementService] [engagement_service.py:283]: Prediction Pipeline Request Triggered ➔ District: Agra | Temp: 27.0°C | Humidity: 70.0%
2026-05-21 15:25:39,164 [INFO] [EngagementService] [engagement_service.py:283]: Prediction Pipeline Request Triggered ➔ District: Agra | Temp: 27.0°C | Humidity: 70.0%
2026-05-21 15:25:53,299 [INFO] [EngagementService] [engagement_service.py:283]: Prediction Pipeline Request Triggered ➔ District: Agra | Temp: 27.0°C | Humidity: 70.0%
2026-05-21 15:25:53,358 [INFO] [EngagementService] [engagement_service.py:283]: Prediction Pipeline Request Triggered ➔ District: Agra | Temp: 27.0°C | Humidity: 70.0%
2026-05-21 15:25:53,362 [INFO] [EngagementService] [engagement_service.py:283]: Prediction Pipeline Request Triggered ➔ District: Akola | Temp: 27.0°C | Humidity: 70.0%
2026-05-21 15:25:53,392 [INFO] [EngagementService] [engagement_service.py:283]: Prediction Pipeline Request Triggered ➔ District: Muzaffarpur | Temp: 27.0°C | Humidity: 70.0%
2026-05-21 15:25:53,402 [INFO] [EngagementService] [engagement_service.py:283]: Prediction Pipeline Request Triggered ➔ District: Salem | Temp: 27.0°C | Humidity: 70.0%
2026-05-21 15:32:26,433 [INFO] [EngagementService] [engagement_service.py:283]: Prediction Pipeline Request Triggered ➔ District: Agra | Temp: 27.0°C | Humidity: 70.0%
2026-05-21 15:32:26,468 [INFO] [EngagementService] [engagement_service.py:283]: Prediction Pipeline Request Triggered ➔ District: Agra | Temp: 27.0°C | Humidity: 70.0%
2026-05-21 15:32:26,479 [INFO] [EngagementService] [engagement_service.py:283]: Prediction Pipeline Request Triggered ➔ District: Akola | Temp: 27.0°C | Humidity: 70.0%
2026-05-21 15:32:26,485 [INFO] [EngagementService] [engagement_service.py:283]: Prediction Pipeline Request Triggered ➔ District: Muzaffarpur | Temp: 27.0°C | Humidity: 70.0%
2026-05-21 15:32:26,525 [INFO] [EngagementService] [engagement_service.py:283]: Prediction Pipeline Request Triggered ➔ District: Salem | Temp: 27.0°C | Humidity: 70.0%
2026-05-21 15:32:28,906 [INFO] [EngagementService] [engagement_service.py:283]: Prediction Pipeline Request Triggered ➔ District: Agra | Temp: 27.0°C | Humidity: 70.0%
2026-05-21 15:32:28,960 [INFO] [EngagementService] [engagement_service.py:283]: Prediction Pipeline Request Triggered ➔ District: Agra | Temp: 27.0°C | Humidity: 70.0%
2026-05-21 15:32:28,981 [INFO] [EngagementService] [engagement_service.py:283]: Prediction Pipeline Request Triggered ➔ District: Akola | Temp: 27.0°C | Humidity: 70.0%
2026-05-21 15:32:28,995 [INFO] [EngagementService] [engagement_service.py:283]: Prediction Pipeline Request Triggered ➔ District: Muzaffarpur | Temp: 27.0°C | Humidity: 70.0%
2026-05-21 15:32:29,003 [INFO] [EngagementService] [engagement_service.py:283]: Prediction Pipeline Request Triggered ➔ District: Salem | Temp: 27.0°C | Humidity: 70.0%
2026-05-21 15:32:29,939 [INFO] [EngagementService] [engagement_service.py:283]: Prediction Pipeline Request Triggered ➔ District: Agra | Temp: 27.0°C | Humidity: 70.0%
2026-05-21 15:32:29,958 [INFO] [EngagementService] [engagement_service.py:283]: Prediction Pipeline Request Triggered ➔ District: Agra | Temp: 27.0°C | Humidity: 70.0%
2026-05-21 15:32:29,995 [INFO] [EngagementService] [engagement_service.py:283]: Prediction Pipeline Request Triggered ➔ District: Akola | Temp: 27.0°C | Humidity: 70.0%
2026-05-21 15:32:30,012 [INFO] [EngagementService] [engagement_service.py:283]: Prediction Pipeline Request Triggered ➔ District: Muzaffarpur | Temp: 27.0°C | Humidity: 70.0%
2026-05-21 15:32:30,042 [INFO] [EngagementService] [engagement_service.py:283]: Prediction Pipeline Request Triggered ➔ District: Salem | Temp: 27.0°C | Humidity: 70.0%
2026-05-21 15:43:15,427 [INFO] [EngagementService] [engagement_service.py:283]: Prediction Pipeline Request Triggered ➔ District: Muzaffarpur | Temp: 27.0°C | Humidity: 70.0%
2026-05-21 15:51:33,428 [INFO] [EngagementService] [engagement_service.py:283]: Prediction Pipeline Request Triggered ➔ District: Muzaffarpur | Temp: 27.0°C | Humidity: 70.0%
2026-05-21 16:24:17,725 [INFO] [EngagementService] [engagement_service.py:283]: Prediction Pipeline Request Triggered ➔ District: Muzaffarpur | Temp: 27.0°C | Humidity: 70.0%
2026-05-21 16:24:20,896 [INFO] [EngagementService] [engagement_service.py:283]: Prediction Pipeline Request Triggered ➔ District: Muzaffarpur | Temp: 27.0°C | Humidity: 70.0%
2026-05-21 16:24:22,620 [INFO] [EngagementService] [engagement_service.py:283]: Prediction Pipeline Request Triggered ➔ District: Muzaffarpur | Temp: 27.0°C | Humidity: 70.0%
2026-05-21 16:24:27,859 [INFO] [EngagementService] [engagement_service.py:283]: Prediction Pipeline Request Triggered ➔ District: Muzaffarpur | Temp: 27.0°C | Humidity: 70.0%
2026-05-21 16:24:31,326 [INFO] [EngagementService] [engagement_service.py:283]: Prediction Pipeline Request Triggered ➔ District: Muzaffarpur | Temp: 27.0°C | Humidity: 70.0%
2026-05-21 16:24:35,272 [INFO] [EngagementService] [engagement_service.py:283]: Prediction Pipeline Request Triggered ➔ District: Muzaffarpur | Temp: 27.0°C | Humidity: 70.0%
2026-05-21 16:55:20,727 [INFO] [EngagementService] [engagement_service.py:283]: Prediction Pipeline Request Triggered ➔ District: Muzaffarpur | Temp: 27.0°C | Humidity: 70.0%
2026-05-21 16:55:46,230 [INFO] [EngagementService] [engagement_service.py:283]: Prediction Pipeline Request Triggered ➔ District: Muzaffarpur | Temp: 27.0°C | Humidity: 70.0%
2026-05-21 17:09:57,433 [INFO] [EngagementService] [engagement_service.py:283]: Prediction Pipeline Request Triggered ➔ District: Muzaffarpur | Temp: 27.0°C | Humidity: 70.0%
2026-05-21 17:35:04,748 [INFO] [EngagementService] [engagement_service.py:283]: Prediction Pipeline Request Triggered ➔ District: Muzaffarpur | Temp: 27.0°C | Humidity: 70.0%
2026-05-21 17:35:04,783 [INFO] [EngagementService] [engagement_service.py:283]: Prediction Pipeline Request Triggered ➔ District: Muzaffarpur | Temp: 27.0°C | Humidity: 70.0%
2026-05-21 17:35:04,789 [INFO] [EngagementService] [engagement_service.py:283]: Prediction Pipeline Request Triggered ➔ District: Akola | Temp: 27.0°C | Humidity: 70.0%
2026-05-21 17:35:04,798 [INFO] [EngagementService] [engagement_service.py:283]: Prediction Pipeline Request Triggered ➔ District: Muzaffarpur | Temp: 27.0°C | Humidity: 70.0%
2026-05-21 17:35:04,806 [INFO] [EngagementService] [engagement_service.py:283]: Prediction Pipeline Request Triggered ➔ District: Salem | Temp: 27.0°C | Humidity: 70.0%
2026-05-21 17:45:57,988 [INFO] [EngagementService] [engagement_service.py:283]: Prediction Pipeline Request Triggered ➔ District: Muzaffarpur | Temp: 27.0°C | Humidity: 70.0%
2026-05-21 17:46:35,308 [INFO] [EngagementService] [engagement_service.py:283]: Prediction Pipeline Request Triggered ➔ District: Muzaffarpur | Temp: 27.0°C | Humidity: 70.0%
2026-05-21 17:46:44,911 [INFO] [EngagementService] [engagement_service.py:283]: Prediction Pipeline Request Triggered ➔ District: Muzaffarpur | Temp: 27.0°C | Humidity: 70.0%
2026-05-21 17:46:44,963 [INFO] [EngagementService] [engagement_service.py:283]: Prediction Pipeline Request Triggered ➔ District: Muzaffarpur | Temp: 27.0°C | Humidity: 70.0%
2026-05-21 17:46:44,977 [INFO] [EngagementService] [engagement_service.py:283]: Prediction Pipeline Request Triggered ➔ District: Akola | Temp: 27.0°C | Humidity: 70.0%
2026-05-21 17:46:44,986 [INFO] [EngagementService] [engagement_service.py:283]: Prediction Pipeline Request Triggered ➔ District: Muzaffarpur | Temp: 27.0°C | Humidity: 70.0%
2026-05-21 17:46:44,998 [INFO] [EngagementService] [engagement_service.py:283]: Prediction Pipeline Request Triggered ➔ District: Salem | Temp: 27.0°C | Humidity: 70.0%
2026-05-21 17:46:57,973 [INFO] [EngagementService] [engagement_service.py:283]: Prediction Pipeline Request Triggered ➔ District: Muzaffarpur | Temp: 27.0°C | Humidity: 70.0%
2026-05-21 17:49:00,795 [INFO] [EngagementService] [engagement_service.py:283]: Prediction Pipeline Request Triggered ➔ District: Muzaffarpur | Temp: 27.0°C | Humidity: 70.0%
2026-05-21 17:49:00,828 [INFO] [EngagementService] [engagement_service.py:283]: Prediction Pipeline Request Triggered ➔ District: Muzaffarpur | Temp: 27.0°C | Humidity: 70.0%
2026-05-21 17:49:00,828 [INFO] [EngagementService] [engagement_service.py:283]: Prediction Pipeline Request Triggered ➔ District: Akola | Temp: 27.0°C | Humidity: 70.0%
2026-05-21 17:49:00,844 [INFO] [EngagementService] [engagement_service.py:283]: Prediction Pipeline Request Triggered ➔ District: Muzaffarpur | Temp: 27.0°C | Humidity: 70.0%
2026-05-21 17:49:00,850 [INFO] [EngagementService] [engagement_service.py:283]: Prediction Pipeline Request Triggered ➔ District: Salem | Temp: 27.0°C | Humidity: 70.0%
2026-05-21 17:50:26,243 [INFO] [EngagementService] [engagement_service.py:283]: Prediction Pipeline Request Triggered ➔ District: Muzaffarpur | Temp: 27.0°C | Humidity: 70.0%
2026-05-21 18:05:27,133 [INFO] [EngagementService] [engagement_service.py:283]: Prediction Pipeline Request Triggered ➔ District: Muzaffarpur | Temp: 27.0°C | Humidity: 70.0%
2026-05-21 18:05:27,179 [INFO] [EngagementService] [engagement_service.py:283]: Prediction Pipeline Request Triggered ➔ District: Muzaffarpur | Temp: 27.0°C | Humidity: 70.0%
2026-05-21 18:05:27,190 [INFO] [EngagementService] [engagement_service.py:283]: Prediction Pipeline Request Triggered ➔ District: Akola | Temp: 27.0°C | Humidity: 70.0%
2026-05-21 18:05:27,206 [INFO] [EngagementService] [engagement_service.py:283]: Prediction Pipeline Request Triggered ➔ District: Muzaffarpur | Temp: 27.0°C | Humidity: 70.0%
2026-05-21 18:05:27,214 [INFO] [EngagementService] [engagement_service.py:283]: Prediction Pipeline Request Triggered ➔ District: Salem | Temp: 27.0°C | Humidity: 70.0%
2026-05-21 18:05:30,321 [INFO] [EngagementService] [engagement_service.py:283]: Prediction Pipeline Request Triggered ➔ District: Muzaffarpur | Temp: 27.0°C | Humidity: 70.0%
2026-05-21 18:05:30,348 [INFO] [EngagementService] [engagement_service.py:283]: Prediction Pipeline Request Triggered ➔ District: Muzaffarpur | Temp: 27.0°C | Humidity: 70.0%
2026-05-21 18:05:30,358 [INFO] [EngagementService] [engagement_service.py:283]: Prediction Pipeline Request Triggered ➔ District: Akola | Temp: 27.0°C | Humidity: 70.0%
2026-05-21 18:05:30,365 [INFO] [EngagementService] [engagement_service.py:283]: Prediction Pipeline Request Triggered ➔ District: Muzaffarpur | Temp: 27.0°C | Humidity: 70.0%
2026-05-21 18:05:30,373 [INFO] [EngagementService] [engagement_service.py:283]: Prediction Pipeline Request Triggered ➔ District: Salem | Temp: 27.0°C | Humidity: 70.0%
2026-05-21 18:06:18,817 [INFO] [EngagementService] [engagement_service.py:283]: Prediction Pipeline Request Triggered ➔ District: Muzaffarpur | Temp: 27.0°C | Humidity: 70.0%
